<?xml version="1.0" encoding="UTF-8"?>
<!-- Generated by org.testng.reporters.JUnitReportReporter -->
<testsuite hostname="LAPTOP-O0RL6D68" failures="0" tests="1" name="executetest.HomeTest" time="7.766" errors="0" timestamp="26 Apr 2023 14:37:22 GMT" skipped="0">
  <testcase classname="executetest.HomeTest" name="verifyExcelRead" time="7.766"/>
</testsuite> <!-- executetest.HomeTest -->
