<?xml version="1.0" encoding="UTF-8"?>
<!-- Generated by org.testng.reporters.JUnitReportReporter -->
<testsuite hostname="LAPTOP-O0RL6D68" failures="0" tests="1" name="executetest.DatePickersTest" time="7.457" errors="0" timestamp="25 Apr 2023 06:30:57 GMT" skipped="0">
  <testcase classname="executetest.DatePickersTest" name="verifyDateShowed" time="7.457"/>
</testsuite> <!-- executetest.DatePickersTest -->
