<?xml version="1.0" encoding="UTF-8"?>
<!-- Generated by org.testng.reporters.JUnitReportReporter -->
<testsuite hostname="LAPTOP-O0RL6D68" failures="0" tests="1" name="executetest.DatePickersTest" time="11.296" errors="0" timestamp="27 Apr 2023 01:43:54 GMT" skipped="0">
  <testcase classname="executetest.DatePickersTest" name="verifyDatePicker" time="11.296"/>
</testsuite> <!-- executetest.DatePickersTest -->
