<?xml version="1.0" encoding="UTF-8"?>
<!-- Generated by org.testng.reporters.JUnitReportReporter -->
<testsuite hostname="LAPTOP-O0RL6D68" failures="0" tests="1" name="executetest.TableTest" time="8.737" errors="0" timestamp="25 Apr 2023 02:21:45 GMT" skipped="0">
  <testcase classname="executetest.TableTest" name="verifyPersonsOffice" time="8.737"/>
</testsuite> <!-- executetest.TableTest -->
