<?xml version="1.0" encoding="UTF-8"?>
<!-- Generated by org.testng.reporters.JUnitReportReporter -->
<testsuite hostname="LAPTOP-O0RL6D68" failures="0" tests="3" name="executetest.AlertAndModalsTest" time="21.397" errors="0" timestamp="20 Apr 2023 15:35:20 GMT" skipped="0">
  <testcase classname="executetest.AlertAndModalsTest" name="verifyAlert2Clicked_GetCancelMessage" time="6.730"/>
  <testcase classname="executetest.AlertAndModalsTest" name="verifyAlert3ClickedEnteringText_GetMessage" time="7.947"/>
  <testcase classname="executetest.AlertAndModalsTest" name="verifyAlert1clicked" time="6.720"/>
</testsuite> <!-- executetest.AlertAndModalsTest -->
