<?xml version="1.0" encoding="UTF-8"?>
<!-- Generated by org.testng.reporters.JUnitReportReporter -->
<testsuite hostname="LAPTOP-O0RL6D68" failures="0" tests="1" name="executetest.ListBoxTest" time="5.918" errors="0" timestamp="20 Apr 2023 15:58:11 GMT" skipped="0">
  <testcase classname="executetest.ListBoxTest" name="verifyBootstrapDualListNames" time="5.918"/>
</testsuite> <!-- executetest.ListBoxTest -->
