<?xml version="1.0" encoding="UTF-8"?>
<!-- Generated by org.testng.reporters.JUnitReportReporter -->
<testsuite hostname="LAPTOP-O0RL6D68" failures="0" tests="2" name="executetest.InputFormTest" time="12.817" errors="0" timestamp="20 Apr 2023 02:27:51 GMT" skipped="0">
  <testcase classname="executetest.InputFormTest" name="verifyShowMessageButtonMessage" time="4.644"/>
  <testcase classname="executetest.InputFormTest" name="verifySingleCheckboxClicked" time="8.173"/>
</testsuite> <!-- executetest.InputFormTest -->
