<?xml version="1.0" encoding="UTF-8"?>
<!-- Generated by org.testng.reporters.JUnitReportReporter -->
<testsuite hostname="LAPTOP-O0RL6D68" failures="0" tests="3" name="executetest.HomeTest" time="13.109" errors="0" timestamp="19 Apr 2023 15:45:01 GMT" skipped="0">
  <testcase classname="executetest.HomeTest" name="verifyObsquraLogo" time="3.698"/>
  <testcase classname="executetest.HomeTest" name="verifyShowMessage" time="5.507"/>
  <testcase classname="executetest.HomeTest" name="verifyHeaders" time="3.904"/>
</testsuite> <!-- executetest.HomeTest -->
