<?xml version="1.0" encoding="UTF-8"?>
<!-- Generated by org.testng.reporters.JUnitReportReporter -->
<testsuite hostname="LAPTOP-O0RL6D68" failures="0" tests="1" name="executetest.InputFormTest" time="5.915" errors="0" timestamp="18 Apr 2023 06:13:00 GMT" skipped="0">
  <testcase classname="executetest.InputFormTest" name="verifyShowMessageButtonMessage" time="5.915"/>
</testsuite> <!-- executetest.InputFormTest -->
